Using pre-set license
Built from '2020.2/staging' branch; Version is '2020.2.3f1 (8ff31bc5bf5b) revision 9433883'; Using compiler version '192528614'; Build Type 'Release'
OS: 'Windows 10 Home; OS build 19042.1052; Version 2009; 64bit' Language: 'ru' Physical Memory: 8155 MB
BatchMode: 1, IsHumanControllingUs: 0, StartBugReporterOnCrash: 0, Is64bit: 1, IsPro: 0

 COMMAND LINE ARGUMENTS:
C:\Program Files\Unity\Hub\Editor\2020.2.3f1\Editor\Unity.exe
-adb2
-batchMode
-noUpm
-name
AssetImportWorker0
-projectPath
C:/Users/grisholq/Desktop/Unity/Projects/Projects/Ship
-logFile
Logs/AssetImportWorker0.log
-srvPort
60100
Successfully changed project path to: C:/Users/grisholq/Desktop/Unity/Projects/Projects/Ship
C:/Users/grisholq/Desktop/Unity/Projects/Projects/Ship
Using Asset Import Pipeline V2.
Refreshing native plugins compatible for Editor in 35.02 ms, found 0 plugins.
Preloading 0 native plugins for Editor in 0.00 ms.
Initialize engine version: 2020.2.3f1 (8ff31bc5bf5b)
[Subsystems] Discovering subsystems at path C:/Program Files/Unity/Hub/Editor/2020.2.3f1/Editor/Data/Resources/UnitySubsystems
[Subsystems] Discovering subsystems at path C:/Users/grisholq/Desktop/Unity/Projects/Projects/Ship/Assets
GfxDevice: creating device client; threaded=0
Direct3D:
    Version:  Direct3D 11.0 [level 11.1]
    Renderer: NVIDIA GeForce GTX 1050 Ti (ID=0x1c82)
    Vendor:   
    VRAM:     4018 MB
    Driver:   27.21.14.5671
Initialize mono
Mono path[0] = 'C:/Program Files/Unity/Hub/Editor/2020.2.3f1/Editor/Data/Managed'
Mono path[1] = 'C:/Program Files/Unity/Hub/Editor/2020.2.3f1/Editor/Data/MonoBleedingEdge/lib/mono/unityjit'
Mono config path = 'C:/Program Files/Unity/Hub/Editor/2020.2.3f1/Editor/Data/MonoBleedingEdge/etc'
Using monoOptions --debugger-agent=transport=dt_socket,embedding=1,server=y,suspend=n,address=127.0.0.1:56868
Begin MonoManager ReloadAssembly
Registering precompiled unity dll's ...
Register platform support module: C:/Program Files/Unity/Hub/Editor/2020.2.3f1/Editor/Data/PlaybackEngines/WindowsStandaloneSupport/UnityEditor.WindowsStandalone.Extensions.dll
Registered in 0.002770 seconds.
Native extension for WindowsStandalone target not found
Refreshing native plugins compatible for Editor in 35.44 ms, found 0 plugins.
Preloading 0 native plugins for Editor in 0.00 ms.
Invoked RoslynAnalysisRunner static constructor.
RoslynAnalysisRunner will not be running.
RoslynAnalysisRunner has terminated.
Mono: successfully reloaded assembly
- Completed reload, in  2.815 seconds
Platform modules already initialized, skipping
Registering precompiled user dll's ...
Registered in 0.000885 seconds.
Begin MonoManager ReloadAssembly
Native extension for WindowsStandalone target not found
Refreshing native plugins compatible for Editor in 0.35 ms, found 0 plugins.
Preloading 0 native plugins for Editor in 0.00 ms.
Invoked RoslynAnalysisRunner static constructor.
RoslynAnalysisRunner will not be running.
RoslynAnalysisRunner has terminated.
Mono: successfully reloaded assembly
- Completed reload, in  1.127 seconds
Platform modules already initialized, skipping
========================================================================
Worker process is ready to serve import requests
Launched and connected shader compiler UnityShaderCompiler.exe after 0.05 seconds
Refreshing native plugins compatible for Editor in 0.37 ms, found 0 plugins.
Preloading 0 native plugins for Editor in 0.00 ms.
Unloading 1178 Unused Serialized files (Serialized files now loaded: 0)
System memory in use before: 131.3 MB.
System memory in use after: 131.4 MB.

Unloading 10 unused Assets to reduce memory usage. Loaded Objects now: 1623.
Total: 2.190800 ms (FindLiveObjects: 0.151300 ms CreateObjectMapping: 0.055100 ms MarkObjects: 1.881000 ms  DeleteObjects: 0.101400 ms)

========================================================================
Received Import Request.
  path: Assets/Scenes/Levels/Level1/Level1Data.asset
  artifactKey: Guid(2aac233ad8b25e440a84953da04fcebc) Importer(815301076,1909f56bfc062723c751e8b465ee728b)
Start importing Assets/Scenes/Levels/Level1/Level1Data.asset using Guid(2aac233ad8b25e440a84953da04fcebc) Importer(815301076,1909f56bfc062723c751e8b465ee728b)  -> (artifact id: '09e17ddad386e408905b46356b61359a') in 0.039573 seconds
  Import took 0.041996 seconds .

========================================================================
Received Import Request.
  Time since last request: 0.000379 seconds.
  path: Assets/Scenes/Levels/Level2/Level2Data.asset
  artifactKey: Guid(6127b47e56f7b5b4c97edee0d7b0a968) Importer(815301076,1909f56bfc062723c751e8b465ee728b)
Start importing Assets/Scenes/Levels/Level2/Level2Data.asset using Guid(6127b47e56f7b5b4c97edee0d7b0a968) Importer(815301076,1909f56bfc062723c751e8b465ee728b)  -> (artifact id: '377816c38dcab2379cb4122bbade48c8') in 0.009557 seconds
  Import took 0.025122 seconds .

========================================================================
Received Import Request.
  Time since last request: 10.876944 seconds.
  path: Assets/Animations/AnimationsUI/AppearingFromSmall.anim
  artifactKey: Guid(58806b209c775cb4ea6cc23bd85b77f0) Importer(815301076,1909f56bfc062723c751e8b465ee728b)
Start importing Assets/Animations/AnimationsUI/AppearingFromSmall.anim using Guid(58806b209c775cb4ea6cc23bd85b77f0) Importer(815301076,1909f56bfc062723c751e8b465ee728b)  -> (artifact id: 'e3347dc1d7d10a639ea283969bc8f836') in 0.014178 seconds
  Import took 0.016747 seconds .

========================================================================
Received Import Request.
  Time since last request: 0.007307 seconds.
  path: Assets/Animations/AnimationsUI/AppearingFromSmall.anim
  artifactKey: Guid(58806b209c775cb4ea6cc23bd85b77f0) Importer(815301076,1909f56bfc062723c751e8b465ee728b)
Start importing Assets/Animations/AnimationsUI/AppearingFromSmall.anim using Guid(58806b209c775cb4ea6cc23bd85b77f0) Importer(815301076,1909f56bfc062723c751e8b465ee728b)  -> (artifact id: 'e3347dc1d7d10a639ea283969bc8f836') in 0.003989 seconds
  Import took 0.006789 seconds .

========================================================================
Received Import Request.
  Time since last request: 24.819257 seconds.
  path: Assets/Animations/AnimationsUI/SlowAppearance.anim
  artifactKey: Guid(58806b209c775cb4ea6cc23bd85b77f0) Importer(815301076,1909f56bfc062723c751e8b465ee728b)
Start importing Assets/Animations/AnimationsUI/SlowAppearance.anim using Guid(58806b209c775cb4ea6cc23bd85b77f0) Importer(815301076,1909f56bfc062723c751e8b465ee728b)  -> (artifact id: 'f71f43c7f50c7394a9ba31c2f11788a6') in 0.009871 seconds
  Import took 0.022965 seconds .

========================================================================
Received Prepare
Registering precompiled user dll's ...
Registered in 0.000883 seconds.
Begin MonoManager ReloadAssembly
Native extension for WindowsStandalone target not found
Refreshing native plugins compatible for Editor in 0.37 ms, found 0 plugins.
Preloading 0 native plugins for Editor in 0.00 ms.
Invoked RoslynAnalysisRunner static constructor.
RoslynAnalysisRunner will not be running.
RoslynAnalysisRunner has terminated.
Mono: successfully reloaded assembly
- Completed reload, in  1.019 seconds
Platform modules already initialized, skipping
Refreshing native plugins compatible for Editor in 0.34 ms, found 0 plugins.
Preloading 0 native plugins for Editor in 0.00 ms.
Unloading 1160 Unused Serialized files (Serialized files now loaded: 0)
System memory in use before: 130.2 MB.
System memory in use after: 130.3 MB.

Unloading 5 unused Assets to reduce memory usage. Loaded Objects now: 1625.
Total: 2.696800 ms (FindLiveObjects: 0.142400 ms CreateObjectMapping: 0.052000 ms MarkObjects: 2.398000 ms  DeleteObjects: 0.102600 ms)

========================================================================
Received Import Request.
  Time since last request: 55.555082 seconds.
  path: Assets/Prefabs/Ship/PlayerShip.prefab
  artifactKey: Guid(118811cebcd74c94aa60bad4fdfd339d) Importer(815301076,1909f56bfc062723c751e8b465ee728b)
Start importing Assets/Prefabs/Ship/PlayerShip.prefab using Guid(118811cebcd74c94aa60bad4fdfd339d) Importer(815301076,1909f56bfc062723c751e8b465ee728b)  -> (artifact id: '85a8932a98d6ac2fb66cabcb19bca89e') in 0.179434 seconds
  Import took 0.194336 seconds .

========================================================================
Received Import Request.
  Time since last request: 0.579688 seconds.
  path: Assets/Prefabs/Ship/EnemyShip.prefab
  artifactKey: Guid(012948d35863a3349950bfd68f350c34) Importer(815301076,1909f56bfc062723c751e8b465ee728b)
Start importing Assets/Prefabs/Ship/EnemyShip.prefab using Guid(012948d35863a3349950bfd68f350c34) Importer(815301076,1909f56bfc062723c751e8b465ee728b)  -> (artifact id: '836ab8cb0bac40f105d428c67e5013b6') in 0.023685 seconds
  Import took 0.056745 seconds .

========================================================================
Received Import Request.
  Time since last request: 0.002635 seconds.
  path: Assets/Prefabs/Ship/EnemyShip.prefab
  artifactKey: Guid(012948d35863a3349950bfd68f350c34) Importer(815301076,1909f56bfc062723c751e8b465ee728b)
Start importing Assets/Prefabs/Ship/EnemyShip.prefab using Guid(012948d35863a3349950bfd68f350c34) Importer(815301076,1909f56bfc062723c751e8b465ee728b)  -> (artifact id: '836ab8cb0bac40f105d428c67e5013b6') in 0.014514 seconds
  Import took 0.016970 seconds .

========================================================================
Received Import Request.
  Time since last request: 96.281776 seconds.
  path: Assets/Scripts/Ships/ShipsMoverNode.cs
  artifactKey: Guid(252a08953bcaf0443a1d61342bd41cf2) Importer(815301076,1909f56bfc062723c751e8b465ee728b)
Start importing Assets/Scripts/Ships/ShipsMoverNode.cs using Guid(252a08953bcaf0443a1d61342bd41cf2) Importer(815301076,1909f56bfc062723c751e8b465ee728b)  -> (artifact id: '877196dbb1d4a956afcec4b34d0a66d6') in 0.013387 seconds
  Import took 0.036071 seconds .

========================================================================
Received Prepare
Registering precompiled user dll's ...
Registered in 0.000922 seconds.
Begin MonoManager ReloadAssembly
Native extension for WindowsStandalone target not found
Refreshing native plugins compatible for Editor in 0.42 ms, found 0 plugins.
Preloading 0 native plugins for Editor in 0.00 ms.
Invoked RoslynAnalysisRunner static constructor.
RoslynAnalysisRunner will not be running.
RoslynAnalysisRunner has terminated.
Mono: successfully reloaded assembly
- Completed reload, in  1.214 seconds
Platform modules already initialized, skipping
Refreshing native plugins compatible for Editor in 0.34 ms, found 0 plugins.
Preloading 0 native plugins for Editor in 0.00 ms.
Unloading 1159 Unused Serialized files (Serialized files now loaded: 0)
System memory in use before: 133.4 MB.
System memory in use after: 133.5 MB.

Unloading 6 unused Assets to reduce memory usage. Loaded Objects now: 1634.
Total: 2.031100 ms (FindLiveObjects: 0.174500 ms CreateObjectMapping: 0.051300 ms MarkObjects: 1.710700 ms  DeleteObjects: 0.092600 ms)

========================================================================
Received Prepare
Registering precompiled user dll's ...
Registered in 0.001039 seconds.
Begin MonoManager ReloadAssembly
Native extension for WindowsStandalone target not found
Refreshing native plugins compatible for Editor in 0.37 ms, found 0 plugins.
Preloading 0 native plugins for Editor in 0.00 ms.
Invoked RoslynAnalysisRunner static constructor.
RoslynAnalysisRunner will not be running.
RoslynAnalysisRunner has terminated.
Mono: successfully reloaded assembly
- Completed reload, in  1.329 seconds
Platform modules already initialized, skipping
Refreshing native plugins compatible for Editor in 0.34 ms, found 0 plugins.
Preloading 0 native plugins for Editor in 0.00 ms.
Unloading 1158 Unused Serialized files (Serialized files now loaded: 0)
System memory in use before: 133.4 MB.
System memory in use after: 133.5 MB.

Unloading 6 unused Assets to reduce memory usage. Loaded Objects now: 1635.
Total: 2.108100 ms (FindLiveObjects: 0.245600 ms CreateObjectMapping: 0.063700 ms MarkObjects: 1.695300 ms  DeleteObjects: 0.101100 ms)

========================================================================
Received Import Request.
  Time since last request: 30.667266 seconds.
  path: Assets/Scenes/MainMenu.unity
  artifactKey: Guid(8457a581e77777c4a8cd6d83b3cf90e3) Importer(815301076,1909f56bfc062723c751e8b465ee728b)
Start importing Assets/Scenes/MainMenu.unity using Guid(8457a581e77777c4a8cd6d83b3cf90e3) Importer(815301076,1909f56bfc062723c751e8b465ee728b)  -> (artifact id: '5240828b5e465d6e2aa278952591e880') in 0.017943 seconds
  Import took 0.030674 seconds .

AssetImportWorkerClient::OnTransportError - code=2 error=End of file
